<?xml version="1.0" encoding="UTF-8"?>
<!-- Generated by org.testng.reporters.JUnitReportReporter -->
<testsuite name="testcases.TC001_LoginAndLogout" tests="2" time="36.920" ignored="0" failures="0" timestamp="08 Apr 2018 07:33:28 GMT" skipped="0" hostname="DESKTOP-UEKB7G0" errors="0">
  <testcase name="loginAndLogout" time="18.010" classname="testcases.TC001_LoginAndLogout"/>
  <testcase name="loginAndLogout" time="18.910" classname="testcases.TC001_LoginAndLogout"/>
</testsuite> <!-- testcases.TC001_LoginAndLogout -->
