<?xml version="1.0" encoding="UTF-8"?>
<!-- Generated by org.testng.reporters.JUnitReportReporter -->
<testsuite name="testcases.TC006_MergeLead" tests="1" time="28.618" ignored="0" failures="0" timestamp="14 Apr 2018 08:32:19 GMT" skipped="0" hostname="DESKTOP-UEKB7G0" errors="0">
  <testcase name="MergeLead" time="28.618" classname="testcases.TC006_MergeLead"/>
</testsuite> <!-- testcases.TC006_MergeLead -->
