<?xml version="1.0" encoding="UTF-8"?>
<!-- Generated by org.testng.reporters.JUnitReportReporter -->
<testsuite name="testcases.TC005_DeleteLead" tests="1" time="33.482" ignored="0" failures="0" timestamp="12 Apr 2018 04:10:45 GMT" skipped="0" hostname="DESKTOP-UEKB7G0" errors="0">
  <testcase name="DeleteLead" time="33.482" classname="testcases.TC005_DeleteLead"/>
</testsuite> <!-- testcases.TC005_DeleteLead -->
