<?xml version="1.0" encoding="UTF-8"?>
<!-- Generated by org.testng.reporters.JUnitReportReporter -->
<testsuite name="testcases.TC007_DuplicateLead" tests="1" time="34.904" ignored="0" failures="0" timestamp="13 Apr 2018 06:30:35 GMT" skipped="0" hostname="DESKTOP-UEKB7G0" errors="0">
  <testcase name="DuplicateLead" time="34.904" classname="testcases.TC007_DuplicateLead"/>
</testsuite> <!-- testcases.TC007_DuplicateLead -->
